<?xml version="1.0" encoding="UTF-8"?>
<!-- Generated by org.testng.reporters.JUnitReportReporter -->
<testsuite skipped="0" hostname="LAPTOP-QHSI4UGL" name="org.test.testngtest.AppTest" tests="2" failures="0" timestamp="13 Oct 2021 10:24:57 GMT" time="23.521" errors="0">
  <testcase name="testcase1" time="14.089" classname="org.test.testngtest.AppTest"/>
  <testcase name="testcase2" time="9.432" classname="org.test.testngtest.AppTest"/>
</testsuite> <!-- org.test.testngtest.AppTest -->
